<?xml version="1.0" encoding="UTF-8"?>
<!-- Generated by org.testng.reporters.JUnitReportReporter -->
<testsuite hostname="DESKTOP-APFRULM" name="co.qa.tests.DemoTest" tests="4" failures="0" timestamp="31 Oct 2019 23:57:31 GMT" time="0.018" errors="0">
  <testcase name="sub" time="0.002" classname="co.qa.tests.DemoTest"/>
  <testcase name="sum" time="0.003" classname="co.qa.tests.DemoTest"/>
  <testcase name="div" time="0.012" classname="co.qa.tests.DemoTest"/>
  <testcase name="mul" time="0.001" classname="co.qa.tests.DemoTest"/>
</testsuite> <!-- co.qa.tests.DemoTest -->
