<?xml version="1.0" encoding="UTF-8"?>
<!-- Generated by org.testng.reporters.JUnitReportReporter -->
<testsuite hostname="DESKTOP-APFRULM" name="co.qa.tests.DemoTest" tests="4" failures="0" timestamp="1 Nov 2019 00:25:32 GMT" time="0.021" errors="0">
  <testcase name="div" time="0.015" classname="co.qa.tests.DemoTest"/>
  <testcase name="sum" time="0.004" classname="co.qa.tests.DemoTest"/>
  <testcase name="sub" time="0.001" classname="co.qa.tests.DemoTest"/>
  <testcase name="mul" time="0.001" classname="co.qa.tests.DemoTest"/>
</testsuite> <!-- co.qa.tests.DemoTest -->
